*** ccminer 2.2 for nVidia GPUs by tpruvot@github ***
    Built with the nVidia CUDA Toolkit 8.0 64-bits

  Originally based on Christian Buchner and Christian H. project
  Include some algos from alexis78, djm34, sp, tsiv and klausT.

BTC donation address: 1AJdfCpLWPNoAMDfHF1wD5y8VgKSSTHxPo (tpruvot)

[2017-10-10 23:24:22] Using JSON-RPC 2.0[0m
[2017-10-10 23:24:22][36m Starting on stratum+tcp://cryptonight.eu.nicehash.com:3355[0m
[2017-10-10 23:24:22] NVML GPU monitoring enabled.[0m
[2017-10-10 23:24:22] 1 miner thread started, using 'cryptonight' algorithm.[0m
[2017-10-10 23:24:22][33m Stratum difficulty set to 80000 (80)[0m
[2017-10-10 23:24:23] GPU #0: GeForce GTX 1060 3GB, 2411 MB available, 9 SMX[0m
[2017-10-10 23:24:23] GPU #0: 576 threads (9.125) with 36 blocks[0m
[2017-10-10 23:25:25] GPU #0: 1847 MHz 7.51 H/W 53W 46C FAN 29%[0m
[2017-10-10 23:25:28] GPU #0: GeForce GTX 1060 3GB, 435.12 H/s[0m
[2017-10-10 23:27:04] GPU #0: GeForce GTX 1060 3GB, 434.04 H/s[0m
[2017-10-10 23:27:04] GPU #0: 1835 MHz 7.95 H/W 54W 53C FAN 35%[0m
[2017-10-10 23:27:04][01;37m accepted: 1/1 (diff 141.445), 434.04 H/s [32myes![0m
[2017-10-10 23:27:34] GPU #0: GeForce GTX 1060 3GB, 433.47 H/s[0m
[2017-10-10 23:27:34][01;37m accepted: 2/2 (diff 132.833), 433.76 H/s [32myes![0m
[2017-10-10 23:28:27] GPU #0: 1835 MHz 7.96 H/W 54W 54C FAN 35%[0m
[2017-10-10 23:28:49] GPU #0: GeForce GTX 1060 3GB, 434.73 H/s[0m
[2017-10-10 23:29:42] GPU #0: 1835 MHz 7.91 H/W 54W 54C FAN 36%[0m
[2017-10-10 23:29:49] GPU #0: GeForce GTX 1060 3GB, 435.76 H/s[0m
[2017-10-10 23:31:46] GPU #0: GeForce GTX 1060 3GB, 435.55 H/s[0m
[2017-10-10 23:31:46] GPU #0: 1835 MHz 7.93 H/W 54W 54C FAN 37%[0m
[2017-10-10 23:31:46][01;37m accepted: 3/3 (diff 311.636), 434.71 H/s [32myes![0m
[2017-10-10 23:32:04] GPU #0: GeForce GTX 1060 3GB, 435.14 H/s[0m
[2017-10-10 23:32:04][01;37m accepted: 4/4 (diff 105.205), 434.78 H/s [32myes![0m
[2017-10-10 23:32:15] GPU #0: GeForce GTX 1060 3GB, 433.12 H/s[0m
[2017-10-10 23:32:15][01;37m accepted: 5/5 (diff 94.250), 434.54 H/s [32myes![0m
[2017-10-10 23:33:08] GPU #0: 1835 MHz 7.93 H/W 54W 54C FAN 37%[0m
[2017-10-10 23:33:15] GPU #0: GeForce GTX 1060 3GB, 436.04 H/s[0m
[2017-10-10 23:33:51] SIGINT received, exiting[0m
