52.01
36.00
52.15
52.21
52.04
52.14
53.19
52.22
68.44
52.40
52.25
52.30
72.71
51.97
52.23
52.42
58.36
52.12
52.24
52.19
52.21
52.26
51.83
52.21
52.27
58.00
52.24
52.32
52.29
71.60
52.37
52.16
52.27
72.07
52.30
52.31
52.27
52.64
52.23
52.23
52.36
52.36
52.33
52.28
52.89
52.47
52.28
52.14
52.40
52.17
72.32
52.64
52.32
52.45
53.51
52.45
52.79
36.37
51.79
52.55
52.70
72.56
52.80
52.20
52.40
71.79
52.44
52.51
52.45
59.42
52.29
52.45
52.03
52.45
51.90
52.56
62.32
52.47
52.65
52.25
71.71
52.09
52.43
52.12
52.66
52.01
52.50
52.05
52.59
52.32
52.37
52.42
52.35
52.36
52.95
52.45
52.59
65.88
52.56
52.26
52.69
72.14
52.59
52.45
52.51
72.80
52.27
52.59
52.22
52.44
52.32
52.45
52.55
52.60
52.36
52.47
52.51
52.31
73.17
52.58
52.53
51.08
72.56
52.44
52.51
52.75
55.63
52.60
52.72
52.59
36.66
52.57
52.47
66.62
52.51
52.35
52.51
73.37
52.51
52.75
52.52
72.61
52.47
52.60
52.17
53.47
50.85
52.52
52.40
52.66
52.79
52.48
52.94
52.50
52.57
52.29
52.60
52.55
52.64
52.60
52.60
52.53
72.41
52.60
52.35
52.62
54.48
52.63
52.31
52.73
58.90
52.53
52.60
52.57
52.73
52.42
52.71
52.57
36.59
52.60
52.30
72.61
52.35
52.68
52.47
53.13
52.57
52.70
52.62
52.21
52.64
52.72
52.66
52.42
64.58
52.91
52.31
52.83
52.33
52.40
53.10
52.62
72.33
52.64
52.51
52.66
56.58
52.31
52.60
51.02
52.70
52.69
52.74
52.73
52.76
52.56
52.40
52.72
52.14
74.18
52.27
52.73
52.49
72.89
52.31
52.42
52.66
59.31
52.91
52.67
52.44
52.78
52.28
52.62
52.44
52.87
52.42
52.63
52.57
52.60
